<html>
<head>
<title>TestNG:  ALlTestCasesPom</title>
<link href="../testng.css" rel="stylesheet" type="text/css" />
<link href="../my-testng.css" rel="stylesheet" type="text/css" />

<style type="text/css">
.log { display: none;} 
.stack-trace { display: none;} 
</style>
<script type="text/javascript">
<!--
function flip(e) {
  current = e.style.display;
  if (current == 'block') {
    e.style.display = 'none';
    return 0;
  }
  else {
    e.style.display = 'block';
    return 1;
  }
}

function toggleBox(szDivId, elem, msg1, msg2)
{
  var res = -1;  if (document.getElementById) {
    res = flip(document.getElementById(szDivId));
  }
  else if (document.all) {
    // this is the way old msie versions work
    res = flip(document.all[szDivId]);
  }
  if(elem) {
    if(res == 0) elem.innerHTML = msg1; else elem.innerHTML = msg2;
  }

}

function toggleAllBoxes() {
  if (document.getElementsByTagName) {
    d = document.getElementsByTagName('div');
    for (i = 0; i < d.length; i++) {
      if (d[i].className == 'log') {
        flip(d[i]);
      }
    }
  }
}

// -->
</script>

</head>
<body>
<h2 align='center'>ALlTestCasesPom</h2><table border='1' align="center">
<tr>
<td>Tests passed/Failed/Skipped:</td><td>6/1/0</td>
</tr><tr>
<td>Started on:</td><td>Thu Sep 14 11:24:54 IST 2023</td>
</tr>
<tr><td>Total time:</td><td>96 seconds (96100 ms)</td>
</tr><tr>
<td>Included groups:</td><td></td>
</tr><tr>
<td>Excluded groups:</td><td></td>
</tr>
</table><p/>
<small><i>(Hover the method name to see the test class name)</i></small><p/>
<table width='100%' border='1' class='invocation-failed'>
<tr><td colspan='4' align='center'><b>FAILED TESTS</b></td></tr>
<tr><td><b>Test method</b></td>
<td><b>Attribute(s)</b></td>
<td width="30%"><b>Exception</b></td>
<td width="10%"><b>Time (seconds)</b></td>
<td><b>Instance</b></td>
</tr>
<tr>
<td title='com.tms.testng_pom.ST_03_Test.stTest()'><b>stTest</b><br>Test class: com.tms.testng_pom.ST_03_Test</td>
<td><div><pre>org.testng.TestNGException: 
Cannot inject @Test annotated Method [stTest] with [class [Ljava.lang.String;].
For more information on native dependency injection please refer to https://testng.org/doc/documentation-main.html#native-dependency-injection
	at java.base/java.util.ArrayList.forEach(ArrayList.java:1511)
... Removed 26 stack frames</pre></div><a href='#' onClick='toggleBox("stack-trace655550708", this, "Click to show all stack frames", "Click to hide stack frames")'>Click to show all stack frames</a>
<div class='stack-trace' id='stack-trace655550708'><pre>org.testng.TestNGException: 
Cannot inject @Test annotated Method [stTest] with [class [Ljava.lang.String;].
For more information on native dependency injection please refer to https://testng.org/doc/documentation-main.html#native-dependency-injection
	at org.testng.internal.Parameters.checkParameterTypes(Parameters.java:436)
	at org.testng.internal.Parameters.createParametersForMethod(Parameters.java:350)
	at org.testng.internal.Parameters.createParameters(Parameters.java:693)
	at org.testng.internal.Parameters.handleParameters(Parameters.java:879)
	at org.testng.internal.Parameters.handleParameters(Parameters.java:728)
	at org.testng.internal.invokers.ParameterHandler.handleParameters(ParameterHandler.java:72)
	at org.testng.internal.invokers.ParameterHandler.createParameters(ParameterHandler.java:51)
	at org.testng.internal.invokers.TestInvoker$MethodInvocationAgent.invoke(TestInvoker.java:924)
	at org.testng.internal.invokers.TestInvoker.invokeTestMethods(TestInvoker.java:194)
	at org.testng.internal.invokers.TestMethodWorker.invokeTestMethods(TestMethodWorker.java:148)
	at org.testng.internal.invokers.TestMethodWorker.run(TestMethodWorker.java:128)
	at java.base/java.util.ArrayList.forEach(ArrayList.java:1511)
	at org.testng.TestRunner.privateRun(TestRunner.java:829)
	at org.testng.TestRunner.run(TestRunner.java:602)
	at org.testng.SuiteRunner.runTest(SuiteRunner.java:437)
	at org.testng.SuiteRunner.runSequentially(SuiteRunner.java:431)
	at org.testng.SuiteRunner.privateRun(SuiteRunner.java:391)
	at org.testng.SuiteRunner.run(SuiteRunner.java:330)
	at org.testng.SuiteRunnerWorker.runSuite(SuiteRunnerWorker.java:52)
	at org.testng.SuiteRunnerWorker.run(SuiteRunnerWorker.java:95)
	at org.testng.TestNG.runSuitesSequentially(TestNG.java:1256)
	at org.testng.TestNG.runSuitesLocally(TestNG.java:1176)
	at org.testng.TestNG.runSuites(TestNG.java:1099)
	at org.testng.TestNG.run(TestNG.java:1067)
	at org.testng.remote.AbstractRemoteTestNG.run(AbstractRemoteTestNG.java:115)
	at org.testng.remote.RemoteTestNG.initAndRun(RemoteTestNG.java:251)
	at org.testng.remote.RemoteTestNG.main(RemoteTestNG.java:77)
</pre></div></td>
<td>0</td>
<td>com.tms.testng_pom.ST_03_Test@18078bef</td></tr>
</table><p>
<table width='100%' border='1' class='invocation-passed'>
<tr><td colspan='4' align='center'><b>PASSED TESTS</b></td></tr>
<tr><td><b>Test method</b></td>
<td><b>Attribute(s)</b></td>
<td width="30%"><b>Exception</b></td>
<td width="10%"><b>Time (seconds)</b></td>
<td><b>Instance</b></td>
</tr>
<tr>
<td title='com.tms.testng_pom.IT_Enquiry_03_Test.itEnquiryTest()'><b>itEnquiryTest</b><br>Test class: com.tms.testng_pom.IT_Enquiry_03_Test</td>
<td></td>
<td>15</td>
<td>com.tms.testng_pom.IT_Enquiry_03_Test@55b699ef</td></tr>
<tr>
<td title='com.tms.testng_pom.SMOKE_PACKAGE_09_Test.smokePageTest()'><b>smokePageTest</b><br>Test class: com.tms.testng_pom.SMOKE_PACKAGE_09_Test</td>
<td></td>
<td>10</td>
<td>com.tms.testng_pom.SMOKE_PACKAGE_09_Test@293a5bf6</td></tr>
<tr>
<td title='com.tms.testng_pom.TMS_AdminModule_SmokeT_003_Test.adminSmokeTest()'><b>adminSmokeTest</b><br>Test class: com.tms.testng_pom.TMS_AdminModule_SmokeT_003_Test</td>
<td></td>
<td>7</td>
<td>com.tms.testng_pom.TMS_AdminModule_SmokeT_003_Test@2a3b5b47</td></tr>
<tr>
<td title='com.tms.testng_pom.TMS_AdminModel_ST_006_Test.adminST06Test()'><b>adminST06Test</b><br>Test class: com.tms.testng_pom.TMS_AdminModel_ST_006_Test</td>
<td></td>
<td>15</td>
<td>com.tms.testng_pom.TMS_AdminModel_ST_006_Test@799f10e1</td></tr>
<tr>
<td title='com.tms.testng_pom.TMS_AdminModel_ST_001_Test.adminSTtest()'><b>adminSTtest</b><br>Test class: com.tms.testng_pom.TMS_AdminModel_ST_001_Test</td>
<td></td>
<td>33</td>
<td>com.tms.testng_pom.TMS_AdminModel_ST_001_Test@689604d9</td></tr>
<tr>
<td title='com.tms.testng_pom.Manage_Bookings_2_Test.manageBookingsTest()'><b>manageBookingsTest</b><br>Test class: com.tms.testng_pom.Manage_Bookings_2_Test</td>
<td></td>
<td>14</td>
<td>com.tms.testng_pom.Manage_Bookings_2_Test@35d019a3</td></tr>
</table><p>
</body>
</html>